# JRE version: OpenJDK Runtime Environment Temurin-17.0.9+9 (17.0.9+9) (build 17.0.9+9)
# Java VM: OpenJDK 64-Bit Server VM Temurin-17.0.9+9 (17.0.9+9, mixed mode, sharing, tiered, compressed oops, compressed class ptrs, g1 gc, windows-amd64)
GC Precious Log:
 CPUs: 4 total, 4 available
 Memory: 6094M
 Large Page Support: Disabled
 NUMA Support: Disabled
 Compressed Oops: Enabled (32-bit)
 Heap Region Size: 1M
 Heap Min Capacity: 8M
 Heap Initial Capacity: 96M
 Heap Max Capacity: 1524M
 Pre-touch: Disabled
 Parallel Workers: 4
 Concurrent Workers: 1
 Concurrent Refinement Workers: 4
 Periodic GC: Disabled
Heap:
 garbage-first heap   total 61440K, used 45101K [0x00000000a0c00000, 0x0000000100000000)
  region size 1024K, 22 young (22528K), 3 survivors (3072K)
 Metaspace       used 47403K, committed 47936K, reserved 1114112K
  class space    used 6163K, committed 6400K, reserved 1048576K
GC Heap History (20 events):
Event: 1.777 GC heap before
{Heap before GC invocations=0 (full 0):
 garbage-first heap   total 98304K, used 14336K [0x00000000a0c00000, 0x0000000100000000)
  region size 1024K, 13 young (13312K), 0 survivors (0K)
 Metaspace       used 2168K, committed 2304K, reserved 1114112K
  class space    used 223K, committed 320K, reserved 1048576K
}
Event: 1.788 GC heap after
{Heap after GC invocations=1 (full 0):
 garbage-first heap   total 98304K, used 9324K [0x00000000a0c00000, 0x0000000100000000)
  region size 1024K, 2 young (2048K), 2 survivors (2048K)
 Metaspace       used 2168K, committed 2304K, reserved 1114112K
  class space    used 223K, committed 320K, reserved 1048576K
}
Event: 2.189 GC heap before
{Heap before GC invocations=1 (full 0):
 garbage-first heap   total 98304K, used 16492K [0x00000000a0c00000, 0x0000000100000000)
  region size 1024K, 9 young (9216K), 2 survivors (2048K)
 Metaspace       used 3993K, committed 4160K, reserved 1114112K
  class space    used 464K, committed 576K, reserved 1048576K
}
Event: 2.194 GC heap after
{Heap after GC invocations=2 (full 0):
 garbage-first heap   total 98304K, used 9899K [0x00000000a0c00000, 0x0000000100000000)
  region size 1024K, 1 young (1024K), 1 survivors (1024K)
 Metaspace       used 3993K, committed 4160K, reserved 1114112K
  class space    used 464K, committed 576K, reserved 1048576K
}
Event: 4.292 GC heap before
{Heap before GC invocations=2 (full 0):
 garbage-first heap   total 98304K, used 32427K [0x00000000a0c00000, 0x0000000100000000)
  region size 1024K, 23 young (23552K), 1 survivors (1024K)
 Metaspace       used 10474K, committed 10688K, reserved 1114112K
  class space    used 1288K, committed 1408K, reserved 1048576K
}
Event: 4.301 GC heap after
{Heap after GC invocations=3 (full 0):
 garbage-first heap   total 98304K, used 11684K [0x00000000a0c00000, 0x0000000100000000)
  region size 1024K, 3 young (3072K), 3 survivors (3072K)
 Metaspace       used 10474K, committed 10688K, reserved 1114112K
  class space    used 1288K, committed 1408K, reserved 1048576K
}
Event: 14.826 GC heap before
{Heap before GC invocations=3 (full 0):
 garbage-first heap   total 98304K, used 61860K [0x00000000a0c00000, 0x0000000100000000)
  region size 1024K, 52 young (53248K), 3 survivors (3072K)
 Metaspace       used 19264K, committed 19520K, reserved 1114112K
  class space    used 2382K, committed 2496K, reserved 1048576K
}
Event: 14.850 GC heap after
{Heap after GC invocations=4 (full 0):
 garbage-first heap   total 98304K, used 16075K [0x00000000a0c00000, 0x0000000100000000)
  region size 1024K, 7 young (7168K), 7 survivors (7168K)
 Metaspace       used 19264K, committed 19520K, reserved 1114112K
  class space    used 2382K, committed 2496K, reserved 1048576K
}
Event: 32.470 GC heap before
{Heap before GC invocations=4 (full 0):
 garbage-first heap   total 98304K, used 28363K [0x00000000a0c00000, 0x0000000100000000)
  region size 1024K, 20 young (20480K), 7 survivors (7168K)
 Metaspace       used 21289K, committed 21504K, reserved 1114112K
  class space    used 2661K, committed 2752K, reserved 1048576K
}
Event: 32.492 GC heap after
{Heap after GC invocations=5 (full 0):
 garbage-first heap   total 98304K, used 16940K [0x00000000a0c00000, 0x0000000100000000)
  region size 1024K, 1 young (1024K), 1 survivors (1024K)
 Metaspace       used 21289K, committed 21504K, reserved 1114112K
  class space    used 2661K, committed 2752K, reserved 1048576K
}
Event: 34.308 GC heap before
{Heap before GC invocations=6 (full 0):
 garbage-first heap   total 61440K, used 50732K [0x00000000a0c00000, 0x0000000100000000)
  region size 1024K, 36 young (36864K), 1 survivors (1024K)
 Metaspace       used 29491K, committed 29824K, reserved 1114112K
  class space    used 3753K, committed 3904K, reserved 1048576K
}
Event: 34.316 GC heap after
{Heap after GC invocations=7 (full 0):
 garbage-first heap   total 61440K, used 19086K [0x00000000a0c00000, 0x0000000100000000)
  region size 1024K, 4 young (4096K), 4 survivors (4096K)
 Metaspace       used 29491K, committed 29824K, reserved 1114112K
  class space    used 3753K, committed 3904K, reserved 1048576K
}
Event: 35.565 GC heap before
{Heap before GC invocations=7 (full 0):
 garbage-first heap   total 61440K, used 42638K [0x00000000a0c00000, 0x0000000100000000)
  region size 1024K, 28 young (28672K), 4 survivors (4096K)
 Metaspace       used 34430K, committed 34816K, reserved 1114112K
  class space    used 4363K, committed 4544K, reserved 1048576K
}
Event: 35.576 GC heap after
{Heap after GC invocations=8 (full 0):
 garbage-first heap   total 61440K, used 22152K [0x00000000a0c00000, 0x0000000100000000)
  region size 1024K, 4 young (4096K), 4 survivors (4096K)
 Metaspace       used 34430K, committed 34816K, reserved 1114112K
  class space    used 4363K, committed 4544K, reserved 1048576K
}
Event: 36.918 GC heap before
{Heap before GC invocations=8 (full 0):
 garbage-first heap   total 61440K, used 36488K [0x00000000a0c00000, 0x0000000100000000)
  region size 1024K, 19 young (19456K), 4 survivors (4096K)
 Metaspace       used 35672K, committed 35968K, reserved 1114112K
  class space    used 4518K, committed 4672K, reserved 1048576K
}
Event: 36.928 GC heap after
{Heap after GC invocations=9 (full 0):
 garbage-first heap   total 61440K, used 23264K [0x00000000a0c00000, 0x0000000100000000)
  region size 1024K, 2 young (2048K), 2 survivors (2048K)
 Metaspace       used 35672K, committed 35968K, reserved 1114112K
  class space    used 4518K, committed 4672K, reserved 1048576K
}
Event: 38.286 GC heap before
{Heap before GC invocations=10 (full 0):
 garbage-first heap   total 61440K, used 45792K [0x00000000a0c00000, 0x0000000100000000)
  region size 1024K, 24 young (24576K), 2 survivors (2048K)
 Metaspace       used 39309K, committed 39680K, reserved 1114112K
  class space    used 5024K, committed 5184K, reserved 1048576K
}
Event: 38.300 GC heap after
{Heap after GC invocations=11 (full 0):
 garbage-first heap   total 61440K, used 24687K [0x00000000a0c00000, 0x0000000100000000)
  region size 1024K, 3 young (3072K), 3 survivors (3072K)
 Metaspace       used 39309K, committed 39680K, reserved 1114112K
  class space    used 5024K, committed 5184K, reserved 1048576K
}
Event: 42.716 GC heap before
{Heap before GC invocations=11 (full 0):
 garbage-first heap   total 61440K, used 46191K [0x00000000a0c00000, 0x0000000100000000)
  region size 1024K, 24 young (24576K), 3 survivors (3072K)
 Metaspace       used 43267K, committed 43776K, reserved 1114112K
  class space    used 5536K, committed 5760K, reserved 1048576K
}
Event: 42.727 GC heap after
{Heap after GC invocations=12 (full 0):
 garbage-first heap   total 61440K, used 26669K [0x00000000a0c00000, 0x0000000100000000)
  region size 1024K, 3 young (3072K), 3 survivors (3072K)
 Metaspace       used 43267K, committed 43776K, reserved 1114112K
  class space    used 5536K, committed 5760K, reserved 1048576K
}

